2021-12-12 15:02:00,614 - INFO - *************Test_001_Login***************
2021-12-12 15:02:00,614 - INFO - *************test_homepageTitle***************
2021-12-12 15:02:13,278 - INFO - *************test_homepageTitle passed***************
2021-12-12 15:02:16,871 - INFO - *************Test_001_Login***************
2021-12-12 15:02:16,871 - INFO - *************verify Login test***************
2021-12-12 15:02:36,162 - INFO - *************test_login passed***************
2021-12-12 15:27:04,212 - INFO - *************Test_001_Login***************
2021-12-12 15:27:04,213 - INFO - *************test_homepageTitle***************
2021-12-12 15:27:04,385 - INFO - *************Test_001_Login***************
2021-12-12 15:27:04,386 - INFO - *************verify Login test***************
2021-12-12 15:33:26,290 - INFO - *************Test_001_Login***************
2021-12-12 15:33:26,291 - INFO - *************test_homepageTitle***************
2021-12-12 15:33:26,451 - INFO - *************Test_001_Login***************
2021-12-12 15:33:26,451 - INFO - *************verify Login test***************
2021-12-12 15:38:02,917 - INFO - *************Test_001_Login***************
2021-12-12 15:38:02,918 - INFO - *************test_homepageTitle***************
2021-12-12 15:38:03,083 - INFO - *************Test_001_Login***************
2021-12-12 15:38:03,084 - INFO - *************verify Login test***************
2021-12-12 15:41:18,504 - INFO - *************Test_001_Login***************
2021-12-12 15:41:18,504 - INFO - *************test_homepageTitle***************
2021-12-12 15:41:18,600 - INFO - *************Test_001_Login***************
2021-12-12 15:41:18,600 - INFO - *************verify Login test***************
2021-12-12 15:44:05,522 - INFO - *************Test_001_Login***************
2021-12-12 15:44:05,523 - INFO - *************test_homepageTitle***************
2021-12-12 15:44:18,425 - INFO - *************test_homepageTitle passed***************
2021-12-12 15:44:22,764 - INFO - *************Test_001_Login***************
2021-12-12 15:44:22,765 - INFO - *************verify Login test***************
2021-12-12 15:44:49,739 - INFO - *************test_login passed***************
2021-12-12 23:39:41,233 - INFO - *************Test_001_Login***************
2021-12-12 23:39:41,235 - INFO - *************test_homepageTitle***************
2021-12-12 23:39:51,895 - INFO - *************test_homepageTitle passed***************
2021-12-12 23:39:57,706 - INFO - *************Test_001_Login***************
2021-12-12 23:39:57,706 - INFO - *************verify Login test***************
2021-12-12 23:40:21,237 - INFO - *************test_login passed***************
2021-12-12 23:46:26,901 - INFO - *************Test_001_Login***************
2021-12-12 23:46:26,901 - INFO - *************verify Login test***************
2021-12-12 23:46:26,956 - INFO - *************Test_001_Login***************
2021-12-12 23:46:26,956 - INFO - *************test_homepageTitle***************
2021-12-12 23:46:44,540 - INFO - *************test_homepageTitle passed***************
2021-12-12 23:47:59,077 - INFO - *************Test_001_Login***************
2021-12-12 23:47:59,077 - INFO - *************verify Login test***************
2021-12-12 23:47:59,150 - INFO - *************Test_001_Login***************
2021-12-12 23:47:59,150 - INFO - *************test_homepageTitle***************
2021-12-12 23:48:18,807 - INFO - *************test_homepageTitle passed***************
2021-12-12 23:48:42,892 - INFO - *************test_login passed***************
2021-12-12 23:58:26,652 - INFO - *************Test_001_Login***************
2021-12-12 23:58:26,653 - INFO - *************test_homepageTitle***************
2021-12-12 23:58:44,651 - INFO - *************test_homepageTitle passed***************
2021-12-12 23:58:49,308 - INFO - *************Test_001_Login***************
2021-12-12 23:58:49,308 - INFO - *************verify Login test***************
2021-12-12 23:59:49,111 - INFO - *************test_login passed***************
2021-12-13 00:51:00,249 - INFO - *************Test_002_Login***************
2021-12-13 00:51:00,249 - INFO - *************verify Login test_DDT***************
2021-12-13 00:53:22,424 - INFO - *************Test_002_Login***************
2021-12-13 00:53:22,424 - INFO - *************verify Login test_DDT***************
2021-12-13 00:56:08,867 - INFO - *************Test_002_Login***************
2021-12-13 00:56:08,868 - INFO - *************verify Login test_DDT***************
2021-12-13 00:56:49,348 - INFO - *************Test_002_Login***************
2021-12-13 00:56:49,348 - INFO - *************verify Login test_DDT***************
2021-12-13 00:57:19,136 - INFO - Passed
2021-12-13 00:57:29,185 - INFO - Passed
2021-12-13 01:03:35,756 - INFO - *************Test_002_Login***************
2021-12-13 01:03:35,757 - INFO - *************verify Login test_DDT***************
2021-12-13 01:04:20,193 - INFO - *************Test_002_Login***************
2021-12-13 01:04:20,193 - INFO - *************verify Login test_DDT***************
2021-12-13 01:04:49,828 - INFO - Passed
2021-12-13 01:05:07,943 - INFO - Passed
2021-12-13 01:07:57,552 - INFO - *************Test_002_Login***************
2021-12-13 01:07:57,552 - INFO - *************verify Login test_DDT***************
2021-12-13 01:08:26,626 - INFO - Passed
2021-12-13 01:08:41,998 - INFO - Passed
2021-12-13 01:23:50,420 - INFO - *************Test_002_Login***************
2021-12-13 01:23:50,421 - INFO - *************verify Login test_DDT***************
2021-12-13 01:24:20,600 - INFO - Passed
2021-12-13 01:24:34,727 - INFO - Passed
2021-12-13 01:24:45,848 - INFO - Passed
2021-12-13 01:24:57,742 - INFO - Passed
2021-12-13 01:24:57,743 - INFO - Login DDt test passed
2021-12-13 01:24:57,788 - INFO - End of login DDT test
2021-12-13 01:24:57,788 - INFO - completed test DDt
